<?xml version="1.0" encoding="utf-8"?><testsuites name="pytest tests"><testsuite name="pytest" errors="0" failures="0" skipped="0" tests="17" time="1.989" timestamp="2026-05-06T00:19:22.551255+00:00" hostname="agent-env-445c5f77-0328-4bde-af50-07af7da69a36"><testcase classname="backend.tests.test_inquiries.TestInquiryCreate" name="test_create_inquiry_success" time="0.548" /><testcase classname="backend.tests.test_inquiries.TestInquiryCreate" name="test_email_sent_true" time="0.000" /><testcase classname="backend.tests.test_inquiries.TestInquiryCreate" name="test_invalid_email_returns_422" time="0.053" /><testcase classname="backend.tests.test_inquiries.TestInquiryCreate" name="test_short_message_returns_422" time="0.054" /><testcase classname="backend.tests.test_inquiries.TestInquiryCreate" name="test_short_name_returns_422" time="0.075" /><testcase classname="backend.tests.test_inquiries.TestInquiryList" name="test_list_requires_auth" time="0.067" /><testcase classname="backend.tests.test_inquiries.TestInquiryList" name="test_list_with_admin" time="0.324" /><testcase classname="backend.tests.test_inquiries.TestInquiryUpdate" name="test_patch_to_handled" time="0.106" /><testcase classname="backend.tests.test_inquiries.TestInquiryUpdate" name="test_patch_invalid_status_returns_400" time="0.061" /><testcase classname="backend.tests.test_inquiries.TestInquiryUpdate" name="test_patch_unknown_id_returns_404" time="0.053" /><testcase classname="backend.tests.test_inquiries.TestInquiryUpdate" name="test_patch_requires_auth" time="0.052" /><testcase classname="backend.tests.test_inquiries.TestInquiryDelete" name="test_delete_requires_auth" time="0.046" /><testcase classname="backend.tests.test_inquiries.TestInquiryDelete" name="test_delete_success" time="0.054" /><testcase classname="backend.tests.test_inquiries.TestInquiryDelete" name="test_delete_again_returns_404" time="0.046" /><testcase classname="backend.tests.test_inquiries.TestRegression" name="test_products_still_works" time="0.049" /><testcase classname="backend.tests.test_inquiries.TestRegression" name="test_blogs_still_works" time="0.049" /><testcase classname="backend.tests.test_inquiries.TestRegression" name="test_login_still_works" time="0.270" /></testsuite></testsuites>