<?xml version="1.0" encoding="utf-8"?><testsuites name="pytest tests"><testsuite name="pytest" errors="0" failures="0" skipped="0" tests="35" time="4.199" timestamp="2026-05-06T00:31:01.750938+00:00" hostname="agent-env-445c5f77-0328-4bde-af50-07af7da69a36"><testcase classname="tests.test_olevia_backend.TestHealth" name="test_root" time="0.150" /><testcase classname="tests.test_olevia_backend.TestAuth" name="test_login_success" time="0.282" /><testcase classname="tests.test_olevia_backend.TestAuth" name="test_login_wrong_password" time="0.294" /><testcase classname="tests.test_olevia_backend.TestAuth" name="test_login_unknown_user" time="0.050" /><testcase classname="tests.test_olevia_backend.TestAuth" name="test_me_with_token" time="0.347" /><testcase classname="tests.test_olevia_backend.TestAuth" name="test_me_without_token" time="0.140" /><testcase classname="tests.test_olevia_backend.TestProducts" name="test_list_products" time="0.072" /><testcase classname="tests.test_olevia_backend.TestProducts" name="test_filter_diffuser_blends" time="0.052" /><testcase classname="tests.test_olevia_backend.TestProducts" name="test_filter_roll_ons" time="0.081" /><testcase classname="tests.test_olevia_backend.TestProducts" name="test_filter_plants" time="0.051" /><testcase classname="tests.test_olevia_backend.TestProducts" name="test_filter_soaps" time="0.075" /><testcase classname="tests.test_olevia_backend.TestBlogsPublic" name="test_list_blogs_sorted_desc" time="0.048" /><testcase classname="tests.test_olevia_backend.TestBlogsPublic" name="test_get_blog_by_slug" time="0.123" /><testcase classname="tests.test_olevia_backend.TestBlogsPublic" name="test_get_blog_unknown_slug" time="0.067" /><testcase classname="tests.test_olevia_backend.TestBlogsAdmin" name="test_create_blog_requires_auth" time="0.047" /><testcase classname="tests.test_olevia_backend.TestBlogsAdmin" name="test_blog_full_crud" time="0.371" /><testcase classname="tests.test_olevia_backend.TestBlogsAdmin" name="test_delete_nonexistent_returns_404" time="0.067" /><testcase classname="tests.test_olevia_backend.TestBlogsAdmin" name="test_update_nonexistent_returns_404" time="0.054" /><testcase classname="tests.test_inquiries.TestInquiryCreate" name="test_create_inquiry_success" time="0.379" /><testcase classname="tests.test_inquiries.TestInquiryCreate" name="test_email_sent_true" time="0.000" /><testcase classname="tests.test_inquiries.TestInquiryCreate" name="test_invalid_email_returns_422" time="0.050" /><testcase classname="tests.test_inquiries.TestInquiryCreate" name="test_short_message_returns_422" time="0.050" /><testcase classname="tests.test_inquiries.TestInquiryCreate" name="test_short_name_returns_422" time="0.049" /><testcase classname="tests.test_inquiries.TestInquiryList" name="test_list_requires_auth" time="0.050" /><testcase classname="tests.test_inquiries.TestInquiryList" name="test_list_with_admin" time="0.326" /><testcase classname="tests.test_inquiries.TestInquiryUpdate" name="test_patch_to_handled" time="0.140" /><testcase classname="tests.test_inquiries.TestInquiryUpdate" name="test_patch_invalid_status_returns_400" time="0.054" /><testcase classname="tests.test_inquiries.TestInquiryUpdate" name="test_patch_unknown_id_returns_404" time="0.062" /><testcase classname="tests.test_inquiries.TestInquiryUpdate" name="test_patch_requires_auth" time="0.052" /><testcase classname="tests.test_inquiries.TestInquiryDelete" name="test_delete_requires_auth" time="0.052" /><testcase classname="tests.test_inquiries.TestInquiryDelete" name="test_delete_success" time="0.052" /><testcase classname="tests.test_inquiries.TestInquiryDelete" name="test_delete_again_returns_404" time="0.051" /><testcase classname="tests.test_inquiries.TestRegression" name="test_products_still_works" time="0.052" /><testcase classname="tests.test_inquiries.TestRegression" name="test_blogs_still_works" time="0.052" /><testcase classname="tests.test_inquiries.TestRegression" name="test_login_still_works" time="0.277" /></testsuite></testsuites>