<?xml version="1.0" encoding="utf-8"?><testsuites name="pytest tests"><testsuite name="pytest" errors="0" failures="0" skipped="0" tests="10" time="8.372" timestamp="2026-05-06T00:30:49.529738+00:00" hostname="agent-env-445c5f77-0328-4bde-af50-07af7da69a36"><testcase classname="tests.test_inquiries_analytics.TestRateLimit" name="test_five_succeed_then_sixth_429" time="2.491" /><testcase classname="tests.test_inquiries_analytics.TestRateLimit" name="test_different_ip_not_blocked" time="0.321" /><testcase classname="tests.test_inquiries_analytics.TestRateLimit" name="test_fallback_no_xff_header_path" time="0.353" /><testcase classname="tests.test_inquiries_analytics.TestAnalyticsAuth" name="test_analytics_requires_auth" time="0.072" /><testcase classname="tests.test_inquiries_analytics.TestAnalyticsAuth" name="test_analytics_shape_with_admin" time="0.090" /><testcase classname="tests.test_inquiries_analytics.TestAnalyticsAggregation" name="test_top_products_aggregation" time="3.921" /><testcase classname="tests.test_inquiries_analytics.TestAnalyticsAggregation" name="test_list_inquiries_does_not_leak_rate_ip" time="0.074" /><testcase classname="tests.test_inquiries_analytics.TestRegression" name="test_login" time="0.291" /><testcase classname="tests.test_inquiries_analytics.TestRegression" name="test_products" time="0.068" /><testcase classname="tests.test_inquiries_analytics.TestRegression" name="test_blogs" time="0.632" /></testsuite></testsuites>