<?xml version="1.0" encoding="utf-8"?><testsuites name="pytest tests"><testsuite name="pytest" errors="0" failures="1" skipped="0" tests="18" time="2.945" timestamp="2026-05-05T23:54:55.472168+00:00" hostname="agent-env-445c5f77-0328-4bde-af50-07af7da69a36"><testcase classname="backend.tests.test_olevia_backend.TestHealth" name="test_root" time="0.207"><failure message="assert 404 == 200&#10; +  where 404 = &lt;Response [404]&gt;.status_code">backend/tests/test_olevia_backend.py:36: in test_root
    assert r.status_code == 200
E   assert 404 == 200
E    +  where 404 = &lt;Response [404]&gt;.status_code</failure></testcase><testcase classname="backend.tests.test_olevia_backend.TestAuth" name="test_login_success" time="0.300" /><testcase classname="backend.tests.test_olevia_backend.TestAuth" name="test_login_wrong_password" time="0.289" /><testcase classname="backend.tests.test_olevia_backend.TestAuth" name="test_login_unknown_user" time="0.075" /><testcase classname="backend.tests.test_olevia_backend.TestAuth" name="test_me_with_token" time="0.362" /><testcase classname="backend.tests.test_olevia_backend.TestAuth" name="test_me_without_token" time="0.149" /><testcase classname="backend.tests.test_olevia_backend.TestProducts" name="test_list_products" time="0.070" /><testcase classname="backend.tests.test_olevia_backend.TestProducts" name="test_filter_diffuser_blends" time="0.069" /><testcase classname="backend.tests.test_olevia_backend.TestProducts" name="test_filter_roll_ons" time="0.075" /><testcase classname="backend.tests.test_olevia_backend.TestProducts" name="test_filter_plants" time="0.068" /><testcase classname="backend.tests.test_olevia_backend.TestProducts" name="test_filter_soaps" time="0.068" /><testcase classname="backend.tests.test_olevia_backend.TestBlogsPublic" name="test_list_blogs_sorted_desc" time="0.073" /><testcase classname="backend.tests.test_olevia_backend.TestBlogsPublic" name="test_get_blog_by_slug" time="0.162" /><testcase classname="backend.tests.test_olevia_backend.TestBlogsPublic" name="test_get_blog_unknown_slug" time="0.067" /><testcase classname="backend.tests.test_olevia_backend.TestBlogsAdmin" name="test_create_blog_requires_auth" time="0.071" /><testcase classname="backend.tests.test_olevia_backend.TestBlogsAdmin" name="test_blog_full_crud" time="0.417" /><testcase classname="backend.tests.test_olevia_backend.TestBlogsAdmin" name="test_delete_nonexistent_returns_404" time="0.066" /><testcase classname="backend.tests.test_olevia_backend.TestBlogsAdmin" name="test_update_nonexistent_returns_404" time="0.081" /></testsuite></testsuites>